<?xml version="1.0" encoding="UTF-8" ?>
<testsuite failures="0" time="0.406" errors="0" skipped="0" tests="4" name="com.ctg.mvnbook.account.persist.AccountPersistServiceTest">
  <properties>
[...]
</properties>
  <testcase time="0.295" classname="com.ctg.mvnbook.account.persist.AccountPersistServiceTest" name="testReadAccount"/>
  <testcase time="0.04" classname="com.ctg.mvnbook.account.persist.AccountPersistServiceTest" name="testDeleteAccount"/>
  <testcase time="0.034" classname="com.ctg.mvnbook.account.persist.AccountPersistServiceTest" name="testCreateAccount"/>
  <testcase time="0.037" classname="com.ctg.mvnbook.account.persist.AccountPersistServiceTest" name="testUpdateAccount"/>
</testsuite>